  Biblioteca.cpp
E:\OOP_2024\OOP2024\T2ex\Biblioteca.h(18,16): error C4430: missing type specifier - int assumed. Note: C++ does not support default-int
  (compiling source file 'Biblioteca.cpp')
  
E:\OOP_2024\OOP2024\T2ex\Biblioteca.h(18,16): warning C4183: 'PrintFilter': missing return type; assumed to be a member function returning 'int'
  (compiling source file 'Biblioteca.cpp')
  
E:\OOP_2024\OOP2024\T2ex\Biblioteca.cpp(7,2): error C2679: binary '=': no operator found which takes a right-hand operand of type 'Carte **' (or there is no acceptable conversion)
  C:\Program Files\Microsoft Visual Studio\2022\Community\VC\Tools\MSVC\14.38.33130\include\vector(1501,26):
  could be 'std::vector<Carte *,std::allocator<Carte *>> &std::vector<Carte *,std::allocator<Carte *>>::operator =(std::initializer_list<_Ty>)'
          with
          [
              _Ty=Carte *
          ]
  C:\Program Files\Microsoft Visual Studio\2022\Community\VC\Tools\MSVC\14.38.33130\include\vector(1480,26):
  or       'std::vector<Carte *,std::allocator<Carte *>> &std::vector<Carte *,std::allocator<Carte *>>::operator =(const std::vector<Carte *,std::allocator<Carte *>> &)'
  C:\Program Files\Microsoft Visual Studio\2022\Community\VC\Tools\MSVC\14.38.33130\include\vector(733,26):
  or       'std::vector<Carte *,std::allocator<Carte *>> &std::vector<Carte *,std::allocator<Carte *>>::operator =(std::vector<Carte *,std::allocator<Carte *>> &&) noexcept(<expr>)'
  E:\OOP_2024\OOP2024\T2ex\Biblioteca.cpp(7,2):
  while trying to match the argument list '(std::vector<Carte *,std::allocator<Carte *>>, Carte **)'
  
E:\OOP_2024\OOP2024\T2ex\Biblioteca.cpp(10,15): error C2059: syntax error: ']'
E:\OOP_2024\OOP2024\T2ex\Biblioteca.cpp(14,7): error C2661: 'std::vector<Carte *,std::allocator<Carte *>>::push_back': no overloaded function takes 0 arguments
  E:\OOP_2024\OOP2024\T2ex\Biblioteca.cpp(14,7):
  while trying to match the argument list '()'
  
E:\OOP_2024\OOP2024\T2ex\Biblioteca.cpp(16,25): error C2556: 'int Biblioteca::begin(void)': overloaded function differs only by return type from 'Carte *Biblioteca::begin(void)'
  E:\OOP_2024\OOP2024\T2ex\Biblioteca.h(15,9):
  see declaration of 'Biblioteca::begin'
  
E:\OOP_2024\OOP2024\T2ex\Biblioteca.cpp(16,17): error C2040: 'Biblioteca::begin': 'int (void)' differs in levels of indirection from 'Carte *(void)'
E:\OOP_2024\OOP2024\T2ex\Biblioteca.cpp(26,32): error C2556: 'void Biblioteca::PrintFilter(void)': overloaded function differs only by return type from 'int Biblioteca::PrintFilter(void)'
  E:\OOP_2024\OOP2024\T2ex\Biblioteca.h(18,2):
  see declaration of 'Biblioteca::PrintFilter'
  
E:\OOP_2024\OOP2024\T2ex\Biblioteca.cpp(26,18): error C2371: 'Biblioteca::PrintFilter': redefinition; different basic types
  E:\OOP_2024\OOP2024\T2ex\Biblioteca.h(18,2):
  see declaration of 'Biblioteca::PrintFilter'
  
  Carte.cpp
  main.cpp
  Revista.cpp
E:\OOP_2024\OOP2024\T2ex\Revista.h(11,27): error C4430: missing type specifier - int assumed. Note: C++ does not support default-int
  (compiling source file 'Revista.cpp')
  
  Roman.cpp
E:\OOP_2024\OOP2024\T2ex\Revista.h(11,2): error C2365: 'Roman::Revista': redefinition; previous definition was 'data member'
  (compiling source file 'Revista.cpp')
  E:\OOP_2024\OOP2024\T2ex\Revista.h(8,30):
  see declaration of 'Roman::Revista'
  
E:\OOP_2024\OOP2024\T2ex\Revista.h(11,27): warning C4183: 'Revista': missing return type; assumed to be a member function returning 'int'
  (compiling source file 'Revista.cpp')
  
E:\OOP_2024\OOP2024\T2ex\Revista.cpp(3,1): error C2653: 'Revista': is not a class or namespace name
E:\OOP_2024\OOP2024\T2ex\Revista.cpp(3,36): error C4430: missing type specifier - int assumed. Note: C++ does not support default-int
E:\OOP_2024\OOP2024\T2ex\Revista.cpp(5,1): warning C4508: 'Revista': function should return a value; 'void' return type assumed
E:\OOP_2024\OOP2024\T2ex\Revista.cpp(6,13): error C2653: 'Revista': is not a class or namespace name
  Generating Code...
E:\OOP_2024\OOP2024\T2ex\Carte.cpp(5): error C4716: 'Carte::GetInfo': must return a value
